#
# There is insufficient memory for the Java Runtime Environment to continue.
# Native memory allocation (mmap) failed to map 117440512 bytes for Failed to commit area from 0x0000000091200000 to 0x0000000098200000 of length 117440512.
# Possible reasons:
#   The system is out of physical RAM or swap space
#   The process is running with CompressedOops enabled, and the Java Heap may be blocking the growth of the native heap
# Possible solutions:
#   Reduce memory load on the system
#   Increase physical memory or swap space
#   Check if swap backing store is full
#   Decrease Java heap size (-Xmx/-Xms)
#   Decrease number of Java threads
#   Decrease Java thread stack sizes (-Xss)
#   Set larger code cache with -XX:ReservedCodeCacheSize=
# This output file may be truncated or incomplete.
#
#  Out of Memory Error (./src/hotspot/os/windows/os_windows.cpp:3619), pid=4976, tid=8948
#
# JRE version:  (11.0.13) (build )
# Java VM: OpenJDK 64-Bit Server VM (11.0.13+0-b1751.21-8125866, mixed mode, sharing, tiered, compressed oops, g1 gc, windows-amd64)
# No core dump will be written. Minidumps are not enabled by default on client versions of Windows
#

---------------  S U M M A R Y ------------

Command Line: org.jetbrains.kotlin.cli.jvm.K2JVMCompiler @C:\Users\acer\AndroidStudioProjects\VideoPlayer\app\build\20221226_11036342274491736112.compiler.options

Host: AMD A6-7310 APU with AMD Radeon R4 Graphics    , 4 cores, 6G,  Windows 10 , 64 bit Build 19041 (10.0.19041.2251)
Time: Mon Dec 26 20:10:22 2022 India Standard Time elapsed time: 0.046783 seconds (0d 0h 0m 0s)

---------------  T H R E A D  ---------------

Current thread (0x000002503a73a800):  JavaThread "Unknown thread" [_thread_in_vm, id=8948, stack(0x000000834d100000,0x000000834d200000)]

Stack: [0x000000834d100000,0x000000834d200000]
Native frames: (J=compiled Java code, j=interpreted, Vv=VM code, C=native code)
V  [jvm.dll+0x6100fa]
V  [jvm.dll+0x747090]
V  [jvm.dll+0x7486ad]
V  [jvm.dll+0x748d83]
V  [jvm.dll+0x24ab48]
V  [jvm.dll+0x60d164]
V  [jvm.dll+0x601e75]
V  [jvm.dll+0x308bdb]
V  [jvm.dll+0x308b4a]
V  [jvm.dll+0x308a22]
V  [jvm.dll+0x30d986]
V  [jvm.dll+0x357093]
V  [jvm.dll+0x357796]
V  [jvm.dll+0x357193]
V  [jvm.dll+0x2e3448]
V  [jvm.dll+0x2e45f7]
V  [jvm.dll+0x7242e7]
V  [jvm.dll+0x725adc]
V  [jvm.dll+0x364629]
V  [jvm.dll+0x707cee]
V  [jvm.dll+0x3d2633]
V  [jvm.dll+0x3d4a21]
C  [jli.dll+0x536b]
C  [ucrtbase.dll+0x21bb2]
C  [KERNEL32.DLL+0x174b4]
C  [ntdll.dll+0x526a1]


---------------  P R O C E S S  ---------------

Threads class SMR info:
_java_thread_list=0x0000025038dc1d80, length=0, elements={
}

Java Threads: ( => current thread )

Other Threads:
  0x000002503a754000 GCTaskThread "GC Thread#0" [stack: 0x000000834d200000,0x000000834d300000] [id=4188]
  0x000002503a77e800 ConcurrentGCThread "G1 Main Marker" [stack: 0x000000834d300000,0x000000834d400000] [id=9728]
  0x000002503a781000 ConcurrentGCThread "G1 Conc#0" [stack: 0x000000834d400000,0x000000834d500000] [id=6888]

[error occurred during error reporting (printing all threads), id 0xc0000005, EXCEPTION_ACCESS_VIOLATION (0xc0000005) at pc=0x00007ffb44df3dd7]

VM state:not at safepoint (not fully initialized)

VM Mutex/Monitor currently owned by a thread:  ([mutex/lock_event])
[0x000002503a737260] Heap_lock - owner thread: 0x000002503a73a800

Heap address: 0x0000000091200000, size: 1774 MB, Compressed Oops mode: Non-zero based: 0x0000000091200000
Narrow klass base: 0x0000000000000000, Narrow klass shift: 0

GC Heap History (0 events):
No events

Deoptimization events (0 events):
No events

Classes redefined (0 events):
No events

Internal exceptions (0 events):
No events

Events (1 events):
Event: 0.035 Loaded shared library C:\Program Files\Android\Android Studio\jre\bin\zip.dll


Dynamic libraries:
0x00007ff79e630000 - 0x00007ff79e63a000 	C:\Program Files\Android\Android Studio\jre\bin\java.exe
0x00007ffb9e9f0000 - 0x00007ffb9ebe8000 	C:\WINDOWS\SYSTEM32\ntdll.dll
0x00007ffb9ca90000 - 0x00007ffb9cb4f000 	C:\WINDOWS\System32\KERNEL32.DLL
0x00007ffb9c2e0000 - 0x00007ffb9c5b2000 	C:\WINDOWS\System32\KERNELBASE.dll
0x00007ffb9c720000 - 0x00007ffb9c820000 	C:\WINDOWS\System32\ucrtbase.dll
0x00007ffb44ad0000 - 0x00007ffb44ae7000 	C:\Program Files\Android\Android Studio\jre\bin\VCRUNTIME140.dll
0x00007ffb8bb10000 - 0x00007ffb8bb29000 	C:\Program Files\Android\Android Studio\jre\bin\jli.dll
0x00007ffb9dc70000 - 0x00007ffb9de11000 	C:\WINDOWS\System32\USER32.dll
0x00007ffb9c1f0000 - 0x00007ffb9c212000 	C:\WINDOWS\System32\win32u.dll
0x00007ffb89c60000 - 0x00007ffb89efa000 	C:\WINDOWS\WinSxS\amd64_microsoft.windows.common-controls_6595b64144ccf1df_6.0.19041.1110_none_60b5254171f9507e\COMCTL32.dll
0x00007ffb9de20000 - 0x00007ffb9de4b000 	C:\WINDOWS\System32\GDI32.dll
0x00007ffb9e060000 - 0x00007ffb9e0fe000 	C:\WINDOWS\System32\msvcrt.dll
0x00007ffb9c820000 - 0x00007ffb9c92f000 	C:\WINDOWS\System32\gdi32full.dll
0x00007ffb9c150000 - 0x00007ffb9c1ed000 	C:\WINDOWS\System32\msvcp_win.dll
0x00007ffb9df90000 - 0x00007ffb9dfc2000 	C:\WINDOWS\System32\IMM32.DLL
0x00007ffb44780000 - 0x00007ffb4481d000 	C:\Program Files\Android\Android Studio\jre\bin\msvcp140.dll
0x00007ffb44b00000 - 0x00007ffb45602000 	C:\Program Files\Android\Android Studio\jre\bin\server\jvm.dll
0x00007ffb9d6f0000 - 0x00007ffb9d79e000 	C:\WINDOWS\System32\ADVAPI32.dll
0x00007ffb9d800000 - 0x00007ffb9d89c000 	C:\WINDOWS\System32\sechost.dll
0x00007ffb9cb60000 - 0x00007ffb9cc85000 	C:\WINDOWS\System32\RPCRT4.dll
0x00007ffb9e7f0000 - 0x00007ffb9e7f8000 	C:\WINDOWS\System32\PSAPI.DLL
0x00007ffb93bc0000 - 0x00007ffb93be7000 	C:\WINDOWS\SYSTEM32\WINMM.dll
0x00007ffb93c70000 - 0x00007ffb93c7a000 	C:\WINDOWS\SYSTEM32\VERSION.dll
0x00007ffb44af0000 - 0x00007ffb44af9000 	C:\WINDOWS\SYSTEM32\WSOCK32.dll
0x00007ffb9dc00000 - 0x00007ffb9dc6b000 	C:\WINDOWS\System32\ws2_32.DLL
0x00007ffb99fa0000 - 0x00007ffb99fb2000 	C:\WINDOWS\SYSTEM32\kernel.appcore.dll
0x00007ffb44ab0000 - 0x00007ffb44ac1000 	C:\Program Files\Android\Android Studio\jre\bin\verify.dll
0x00007ffb8f7d0000 - 0x00007ffb8f9b4000 	C:\WINDOWS\SYSTEM32\DBGHELP.DLL
0x00007ffb8f610000 - 0x00007ffb8f645000 	C:\WINDOWS\SYSTEM32\dbgcore.DLL
0x00007ffb9c250000 - 0x00007ffb9c2d2000 	C:\WINDOWS\System32\bcryptPrimitives.dll
0x00007ffb44a80000 - 0x00007ffb44aa9000 	C:\Program Files\Android\Android Studio\jre\bin\java.dll
0x00007ffb44a70000 - 0x00007ffb44a7b000 	C:\Program Files\Android\Android Studio\jre\bin\jimage.dll
0x00007ffb44a50000 - 0x00007ffb44a68000 	C:\Program Files\Android\Android Studio\jre\bin\zip.dll

dbghelp: loaded successfully - version: 4.0.5 - missing functions: none
symbol engine: initialized successfully - sym options: 0x614 - pdb path: .;C:\Program Files\Android\Android Studio\jre\bin;C:\WINDOWS\SYSTEM32;C:\WINDOWS\WinSxS\amd64_microsoft.windows.common-controls_6595b64144ccf1df_6.0.19041.1110_none_60b5254171f9507e;C:\Program Files\Android\Android Studio\jre\bin\server

VM Arguments:
java_command: org.jetbrains.kotlin.cli.jvm.K2JVMCompiler @C:\Users\acer\AndroidStudioProjects\VideoPlayer\app\build\20221226_11036342274491736112.compiler.options
java_class_path (initial): C:\Users\acer\.gradle\caches\modules-2\files-2.1\org.jetbrains.kotlin\kotlin-compiler-embeddable\1.7.20\8db18559a581dd2c36ddfd5046af145650f5b126\kotlin-compiler-embeddable-1.7.20.jar;C:\Users\acer\.gradle\caches\modules-2\files-2.1\org.jetbrains.kotlin\kotlin-reflect\1.7.20\12b2501e33bb6373e8e347c86d85481863629381\kotlin-reflect-1.7.20.jar;C:\Users\acer\.gradle\caches\modules-2\files-2.1\org.jetbrains.kotlin\kotlin-stdlib\1.7.20\726594ea9ba2beb2ee113647fefa9a10f9fabe52\kotlin-stdlib-1.7.20.jar;C:\Users\acer\.gradle\caches\modules-2\files-2.1\org.jetbrains.kotlin\kotlin-script-runtime\1.7.20\bcd1cc6f865e632550357fcc59f5ffd532615a8\kotlin-script-runtime-1.7.20.jar;C:\Users\acer\.gradle\caches\modules-2\files-2.1\org.jetbrains.kotlin\kotlin-daemon-embeddable\1.7.20\1e24355adad8d529d75d5b19eab55484057431ba\kotlin-daemon-embeddable-1.7.20.jar;C:\Users\acer\.gradle\caches\modules-2\files-2.1\org.jetbrains.intellij.deps\trove4j\1.0.20200330\3afb14d5f9ceb459d724e907a21145e8ff394f02\trove4j-1.0.20200330.jar;C:\Users\acer\.gradle\caches\modules-2\files-2.1\net.java.dev.jna\jna\5.6.0\330f2244e9030119ab3030fc3fededc86713d9cc\jna-5.6.0.jar;C:\Users\acer\.gradle\caches\modules-2\files-2.1\org.jetbrains.kotlin\kotlin-stdlib-common\1.7.20\e15351bdaf9fa06f009be5da7a202e4184f00ae3\kotlin-stdlib-common-1.7.20.jar;C:\Users\acer\.gradle\caches\modules-2\files-2.1\org.jetbrains\annotations\13.0\919f0dfe192fb4e063e7dacadee7f8bb9a2672a9\annotations-13.0.jar
Launcher Type: SUN_STANDARD

[Global flags]
     intx CICompilerCount                          = 3                                         {product} {ergonomic}
     uint ConcGCThreads                            = 1                                         {product} {ergonomic}
     uint G1ConcRefinementThreads                  = 4                                         {product} {ergonomic}
   size_t G1HeapRegionSize                         = 1048576                                   {product} {ergonomic}
    uintx GCDrainStackTargetSize                   = 64                                        {product} {ergonomic}
   size_t InitialHeapSize                          = 117440512                                 {product} {ergonomic}
   size_t MarkStackSize                            = 4194304                                   {product} {ergonomic}
   size_t MaxHeapSize                              = 1860173824                                {product} {ergonomic}
   size_t MinHeapDeltaBytes                        = 1048576                                   {product} {ergonomic}
    uintx NonNMethodCodeHeapSize                   = 5830732                                {pd product} {ergonomic}
    uintx NonProfiledCodeHeapSize                  = 122913754                              {pd product} {ergonomic}
    uintx ProfiledCodeHeapSize                     = 122913754                              {pd product} {ergonomic}
    uintx ReservedCodeCacheSize                    = 251658240                              {pd product} {ergonomic}
     bool SegmentedCodeCache                       = true                                      {product} {ergonomic}
     bool UseCompressedClassPointers               = true                                 {lp64_product} {ergonomic}
     bool UseCompressedOops                        = true                                 {lp64_product} {ergonomic}
     bool UseG1GC                                  = true                                      {product} {ergonomic}
     bool UseLargePagesIndividualAllocation        = false                                  {pd product} {ergonomic}

Logging:
Log output configuration:
 #0: stdout all=warning uptime,level,tags
 #1: stderr all=off uptime,level,tags

Environment Variables:
JAVA_HOME=C:\Program Files\Java\jdk-18.0.2
PATH=C:\Program Files\Common Files\Oracle\Java\javapath;C:\WINDOWS\system32;C:\WINDOWS;C:\WINDOWS\System32\Wbem;C:\WINDOWS\System32\WindowsPowerShell\v1.0\;C:\WINDOWS\System32\OpenSSH\;C:\Program Files\nodejs;C:\Program Files\dotnet\;C:\Program Files\nodejs\;C:\Users\acer\AppData\Local\Android\Sdk\platform-tools;C:\Users\acer\AppData\Local\Android\Sdk;C:\ProgramData\chocolatey\bin;C:\Program Files\Git\cmd;C:\Users\acer\AppData\Local\Microsoft\WindowsApps;C:\Program Files\JetBrains\PyCharm Community Edition 2021.2.2\bin;;C:\Program Files\nodejs;C:\Program Files\JetBrains\IntelliJ IDEA Community Edition 2022.2.1\bin;;C:\Users\acer\AppData\Roaming\npm;C:\Users\acer\AppData\Local\Programs\Microsoft VS Code\bin;C:\Users\acer\AppData\Local\Android\Sdk\platform-tools;
USERNAME=shergill
OS=Windows_NT
PROCESSOR_IDENTIFIER=AMD64 Family 22 Model 48 Stepping 1, AuthenticAMD



---------------  S Y S T E M  ---------------

OS: Windows 10 , 64 bit Build 19041 (10.0.19041.2251)
OS uptime: 0 days 8:30 hours

CPU:total 4 (initial active 4) (4 cores per cpu, 1 threads per core) family 22 model 48 stepping 1 microcode 0x0, cmov, cx8, fxsr, mmx, sse, sse2, sse3, ssse3, sse4.1, sse4.2, popcnt, avx, aes, clmul, mmxext, 3dnowpref, lzcnt, sse4a, tsc, tscinvbit, tscinv, bmi1

Memory: 4k page, system-wide physical 7094M (410M free)
TotalPageFile size 8476M (AvailPageFile size 56M)
current process WorkingSet (physical memory assigned to process): 10M, peak: 10M
current process commit charge ("private bytes"): 51M, peak: 163M

vm_info: OpenJDK 64-Bit Server VM (11.0.13+0-b1751.21-8125866) for windows-amd64 JRE (11.0.13+0-b1751.21-8125866), built on Feb  2 2022 03:00:22 by "builder" with MS VC++ 14.0 (VS2015)

END.
